# JRE version: OpenJDK Runtime Environment (8.0_152-b01) (build 1.8.0_152-release-1136-b01)
# Java VM: OpenJDK 64-Bit Server VM (25.152-b01 mixed mode windows-amd64 compressed oops)
Heap:
 PSYoungGen      total 196096K, used 69602K [0x00000000e0000000, 0x00000000ef800000, 0x0000000100000000)
  eden space 151552K, 33% used [0x00000000e0000000,0x00000000e31a7b38,0x00000000e9400000)
  from space 44544K, 42% used [0x00000000ecc80000,0x00000000eded0e00,0x00000000ef800000)
  to   space 34304K, 0% used [0x00000000e9400000,0x00000000e9400000,0x00000000eb580000)
 ParOldGen       total 188416K, used 96141K [0x00000000a0000000, 0x00000000ab800000, 0x00000000e0000000)
  object space 188416K, 51% used [0x00000000a0000000,0x00000000a5de34a0,0x00000000ab800000)
 Metaspace       used 63666K, capacity 64934K, committed 65024K, reserved 1107968K
  class space    used 7116K, capacity 7376K, committed 7424K, reserved 1048576K
GC Heap History (10 events):
Event: 3789.444 GC heap before
{Heap before GC invocations=32 (full 6):
 PSYoungGen      total 162304K, used 155648K [0x00000000e0000000, 0x00000000ed300000, 0x0000000100000000)
  eden space 155648K, 100% used [0x00000000e0000000,0x00000000e9800000,0x00000000e9800000)
  from space 6656K, 0% used [0x00000000e9800000,0x00000000e9800000,0x00000000e9e80000)
  to   space 30208K, 0% used [0x00000000eb580000,0x00000000eb580000,0x00000000ed300000)
 ParOldGen       total 188416K, used 15327K [0x00000000a0000000, 0x00000000ab800000, 0x00000000e0000000)
  object space 188416K, 8% used [0x00000000a0000000,0x00000000a0ef7e20,0x00000000ab800000)
 Metaspace       used 62232K, capacity 63468K, committed 63744K, reserved 1105920K
  class space    used 7057K, capacity 7329K, committed 7424K, reserved 1048576K
Event: 3789.702 GC heap after
Heap after GC invocations=32 (full 6):
 PSYoungGen      total 181760K, used 27775K [0x00000000e0000000, 0x00000000eea00000, 0x0000000100000000)
  eden space 151552K, 0% used [0x00000000e0000000,0x00000000e0000000,0x00000000e9400000)
  from space 30208K, 91% used [0x00000000eb580000,0x00000000ed09fe00,0x00000000ed300000)
  to   space 34304K, 0% used [0x00000000e9400000,0x00000000e9400000,0x00000000eb580000)
 ParOldGen       total 188416K, used 15335K [0x00000000a0000000, 0x00000000ab800000, 0x00000000e0000000)
  object space 188416K, 8% used [0x00000000a0000000,0x00000000a0ef9e20,0x00000000ab800000)
 Metaspace       used 62232K, capacity 63468K, committed 63744K, reserved 1105920K
  class space    used 7057K, capacity 7329K, committed 7424K, reserved 1048576K
}
Event: 3797.891 GC heap before
{Heap before GC invocations=33 (full 6):
 PSYoungGen      total 181760K, used 179327K [0x00000000e0000000, 0x00000000eea00000, 0x0000000100000000)
  eden space 151552K, 100% used [0x00000000e0000000,0x00000000e9400000,0x00000000e9400000)
  from space 30208K, 91% used [0x00000000eb580000,0x00000000ed09fe00,0x00000000ed300000)
  to   space 34304K, 0% used [0x00000000e9400000,0x00000000e9400000,0x00000000eb580000)
 ParOldGen       total 188416K, used 15335K [0x00000000a0000000, 0x00000000ab800000, 0x00000000e0000000)
  object space 188416K, 8% used [0x00000000a0000000,0x00000000a0ef9e20,0x00000000ab800000)
 Metaspace       used 62495K, capacity 63690K, committed 64000K, reserved 1105920K
  class space    used 7062K, capacity 7332K, committed 7424K, reserved 1048576K
Event: 3798.079 GC heap after
Heap after GC invocations=33 (full 6):
 PSYoungGen      total 185856K, used 34273K [0x00000000e0000000, 0x00000000ef800000, 0x0000000100000000)
  eden space 151552K, 0% used [0x00000000e0000000,0x00000000e0000000,0x00000000e9400000)
  from space 34304K, 99% used [0x00000000e9400000,0x00000000eb5784a0,0x00000000eb580000)
  to   space 44544K, 0% used [0x00000000ecc80000,0x00000000ecc80000,0x00000000ef800000)
 ParOldGen       total 188416K, used 27467K [0x00000000a0000000, 0x00000000ab800000, 0x00000000e0000000)
  object space 188416K, 14% used [0x00000000a0000000,0x00000000a1ad2da0,0x00000000ab800000)
 Metaspace       used 62495K, capacity 63690K, committed 64000K, reserved 1105920K
  class space    used 7062K, capacity 7332K, committed 7424K, reserved 1048576K
}
Event: 3801.732 GC heap before
{Heap before GC invocations=34 (full 6):
 PSYoungGen      total 185856K, used 185825K [0x00000000e0000000, 0x00000000ef800000, 0x0000000100000000)
  eden space 151552K, 100% used [0x00000000e0000000,0x00000000e9400000,0x00000000e9400000)
  from space 34304K, 99% used [0x00000000e9400000,0x00000000eb5784a0,0x00000000eb580000)
  to   space 44544K, 0% used [0x00000000ecc80000,0x00000000ecc80000,0x00000000ef800000)
 ParOldGen       total 188416K, used 27467K [0x00000000a0000000, 0x00000000ab800000, 0x00000000e0000000)
  object space 188416K, 14% used [0x00000000a0000000,0x00000000a1ad2da0,0x00000000ab800000)
 Metaspace       used 62725K, capacity 63954K, committed 64256K, reserved 1105920K
  class space    used 7062K, capacity 7332K, committed 7424K, reserved 1048576K
Event: 3801.988 GC heap after
Heap after GC invocations=34 (full 6):
 PSYoungGen      total 196096K, used 44530K [0x00000000e0000000, 0x00000000ef800000, 0x0000000100000000)
  eden space 151552K, 0% used [0x00000000e0000000,0x00000000e0000000,0x00000000e9400000)
  from space 44544K, 99% used [0x00000000ecc80000,0x00000000ef7fca68,0x00000000ef800000)
  to   space 34304K, 0% used [0x00000000e9400000,0x00000000e9400000,0x00000000eb580000)
 ParOldGen       total 188416K, used 51617K [0x00000000a0000000, 0x00000000ab800000, 0x00000000e0000000)
  object space 188416K, 27% used [0x00000000a0000000,0x00000000a3268450,0x00000000ab800000)
 Metaspace       used 62725K, capacity 63954K, committed 64256K, reserved 1105920K
  class space    used 7062K, capacity 7332K, committed 7424K, reserved 1048576K
}
Event: 3805.895 GC heap before
{Heap before GC invocations=35 (full 6):
 PSYoungGen      total 196096K, used 196082K [0x00000000e0000000, 0x00000000ef800000, 0x0000000100000000)
  eden space 151552K, 100% used [0x00000000e0000000,0x00000000e9400000,0x00000000e9400000)
  from space 44544K, 99% used [0x00000000ecc80000,0x00000000ef7fca68,0x00000000ef800000)
  to   space 34304K, 0% used [0x00000000e9400000,0x00000000e9400000,0x00000000eb580000)
 ParOldGen       total 188416K, used 51617K [0x00000000a0000000, 0x00000000ab800000, 0x00000000e0000000)
  object space 188416K, 27% used [0x00000000a0000000,0x00000000a3268450,0x00000000ab800000)
 Metaspace       used 63073K, capacity 64274K, committed 64512K, reserved 1105920K
  class space    used 7076K, capacity 7332K, committed 7424K, reserved 1048576K
Event: 3806.130 GC heap after
Heap after GC invocations=35 (full 6):
 PSYoungGen      total 185856K, used 29208K [0x00000000e0000000, 0x00000000ef800000, 0x0000000100000000)
  eden space 151552K, 0% used [0x00000000e0000000,0x00000000e0000000,0x00000000e9400000)
  from space 34304K, 85% used [0x00000000e9400000,0x00000000eb0863f0,0x00000000eb580000)
  to   space 44544K, 0% used [0x00000000ecc80000,0x00000000ecc80000,0x00000000ef800000)
 ParOldGen       total 188416K, used 83541K [0x00000000a0000000, 0x00000000ab800000, 0x00000000e0000000)
  object space 188416K, 44% used [0x00000000a0000000,0x00000000a51954a0,0x00000000ab800000)
 Metaspace       used 63073K, capacity 64274K, committed 64512K, reserved 1105920K
  class space    used 7076K, capacity 7332K, committed 7424K, reserved 1048576K
}
Event: 3812.500 GC heap before
{Heap before GC invocations=36 (full 6):
 PSYoungGen      total 185856K, used 180760K [0x00000000e0000000, 0x00000000ef800000, 0x0000000100000000)
  eden space 151552K, 100% used [0x00000000e0000000,0x00000000e9400000,0x00000000e9400000)
  from space 34304K, 85% used [0x00000000e9400000,0x00000000eb0863f0,0x00000000eb580000)
  to   space 44544K, 0% used [0x00000000ecc80000,0x00000000ecc80000,0x00000000ef800000)
 ParOldGen       total 188416K, used 83541K [0x00000000a0000000, 0x00000000ab800000, 0x00000000e0000000)
  object space 188416K, 44% used [0x00000000a0000000,0x00000000a51954a0,0x00000000ab800000)
 Metaspace       used 63259K, capacity 64482K, committed 64768K, reserved 1105920K
  class space    used 7078K, capacity 7334K, committed 7424K, reserved 1048576K
Event: 3812.793 GC heap after
Heap after GC invocations=36 (full 6):
 PSYoungGen      total 196096K, used 18755K [0x00000000e0000000, 0x00000000ef800000, 0x0000000100000000)
  eden space 151552K, 0% used [0x00000000e0000000,0x00000000e0000000,0x00000000e9400000)
  from space 44544K, 42% used [0x00000000ecc80000,0x00000000eded0e00,0x00000000ef800000)
  to   space 34304K, 0% used [0x00000000e9400000,0x00000000e9400000,0x00000000eb580000)
 ParOldGen       total 188416K, used 96141K [0x00000000a0000000, 0x00000000ab800000, 0x00000000e0000000)
  object space 188416K, 51% used [0x00000000a0000000,0x00000000a5de34a0,0x00000000ab800000)
 Metaspace       used 63259K, capacity 64482K, committed 64768K, reserved 1105920K
  class space    used 7078K, capacity 7334K, committed 7424K, reserved 1048576K
}

