# JRE version: OpenJDK Runtime Environment (8.0_152-b04) (build 1.8.0_152-release-1136-b04)
# Java VM: OpenJDK 64-Bit Server VM (25.152-b04 mixed mode windows-amd64 compressed oops)
Heap:
 PSYoungGen      total 336384K, used 230957K [0x00000000e0000000, 0x00000000ff200000, 0x0000000100000000)
  eden space 256512K, 58% used [0x00000000e0000000,0x00000000e9390c78,0x00000000efa80000)
  from space 79872K, 99% used [0x00000000efa80000,0x00000000f487a9e8,0x00000000f4880000)
  to   space 105984K, 0% used [0x00000000f8a80000,0x00000000f8a80000,0x00000000ff200000)
 ParOldGen       total 285184K, used 234923K [0x00000000a0000000, 0x00000000b1680000, 0x00000000e0000000)
  object space 285184K, 82% used [0x00000000a0000000,0x00000000ae56ac98,0x00000000b1680000)
 Metaspace       used 101112K, capacity 104854K, committed 105944K, reserved 1140736K
  class space    used 12659K, capacity 13473K, committed 13824K, reserved 1048576K
GC Heap History (10 events):
Event: 3586.619 GC heap before
{Heap before GC invocations=79 (full 7):
 PSYoungGen      total 269312K, used 245550K [0x00000000e0000000, 0x00000000f4100000, 0x0000000100000000)
  eden space 236544K, 100% used [0x00000000e0000000,0x00000000ee700000,0x00000000ee700000)
  from space 32768K, 27% used [0x00000000ee700000,0x00000000eefcbbf8,0x00000000f0700000)
  to   space 30208K, 0% used [0x00000000f2380000,0x00000000f2380000,0x00000000f4100000)
 ParOldGen       total 144896K, used 123074K [0x00000000a0000000, 0x00000000a8d80000, 0x00000000e0000000)
  object space 144896K, 84% used [0x00000000a0000000,0x00000000a7830bd0,0x00000000a8d80000)
 Metaspace       used 101336K, capacity 105626K, committed 105944K, reserved 1140736K
  class space    used 12755K, capacity 13669K, committed 13824K, reserved 1048576K
Event: 3587.405 GC heap after
Heap after GC invocations=79 (full 7):
 PSYoungGen      total 259584K, used 30190K [0x00000000e0000000, 0x00000000f9500000, 0x0000000100000000)
  eden space 229376K, 0% used [0x00000000e0000000,0x00000000e0000000,0x00000000ee000000)
  from space 30208K, 99% used [0x00000000f2380000,0x00000000f40fb8b0,0x00000000f4100000)
  to   space 69120K, 0% used [0x00000000ee000000,0x00000000ee000000,0x00000000f2380000)
 ParOldGen       total 212480K, used 212334K [0x00000000a0000000, 0x00000000acf80000, 0x00000000e0000000)
  object space 212480K, 99% used [0x00000000a0000000,0x00000000acf5bb90,0x00000000acf80000)
 Metaspace       used 101336K, capacity 105626K, committed 105944K, reserved 1140736K
  class space    used 12755K, capacity 13669K, committed 13824K, reserved 1048576K
}
Event: 3587.405 GC heap before
{Heap before GC invocations=80 (full 8):
 PSYoungGen      total 259584K, used 30190K [0x00000000e0000000, 0x00000000f9500000, 0x0000000100000000)
  eden space 229376K, 0% used [0x00000000e0000000,0x00000000e0000000,0x00000000ee000000)
  from space 30208K, 99% used [0x00000000f2380000,0x00000000f40fb8b0,0x00000000f4100000)
  to   space 69120K, 0% used [0x00000000ee000000,0x00000000ee000000,0x00000000f2380000)
 ParOldGen       total 212480K, used 212334K [0x00000000a0000000, 0x00000000acf80000, 0x00000000e0000000)
  object space 212480K, 99% used [0x00000000a0000000,0x00000000acf5bb90,0x00000000acf80000)
 Metaspace       used 101336K, capacity 105626K, committed 105944K, reserved 1140736K
  class space    used 12755K, capacity 13669K, committed 13824K, reserved 1048576K
Event: 3589.780 GC heap after
Heap after GC invocations=80 (full 8):
 PSYoungGen      total 259584K, used 0K [0x00000000e0000000, 0x00000000f9500000, 0x0000000100000000)
  eden space 229376K, 0% used [0x00000000e0000000,0x00000000e0000000,0x00000000ee000000)
  from space 30208K, 0% used [0x00000000f2380000,0x00000000f2380000,0x00000000f4100000)
  to   space 69120K, 0% used [0x00000000ee000000,0x00000000ee000000,0x00000000f2380000)
 ParOldGen       total 285184K, used 195563K [0x00000000a0000000, 0x00000000b1680000, 0x00000000e0000000)
  object space 285184K, 68% used [0x00000000a0000000,0x00000000abefadd8,0x00000000b1680000)
 Metaspace       used 100861K, capacity 104624K, committed 105944K, reserved 1140736K
  class space    used 12651K, capacity 13466K, committed 13824K, reserved 1048576K
}
Event: 3593.586 GC heap before
{Heap before GC invocations=81 (full 8):
 PSYoungGen      total 259584K, used 229376K [0x00000000e0000000, 0x00000000f9500000, 0x0000000100000000)
  eden space 229376K, 100% used [0x00000000e0000000,0x00000000ee000000,0x00000000ee000000)
  from space 30208K, 0% used [0x00000000f2380000,0x00000000f2380000,0x00000000f4100000)
  to   space 69120K, 0% used [0x00000000ee000000,0x00000000ee000000,0x00000000f2380000)
 ParOldGen       total 285184K, used 195563K [0x00000000a0000000, 0x00000000b1680000, 0x00000000e0000000)
  object space 285184K, 68% used [0x00000000a0000000,0x00000000abefadd8,0x00000000b1680000)
 Metaspace       used 100977K, capacity 104710K, committed 105944K, reserved 1140736K
  class space    used 12656K, capacity 13469K, committed 13824K, reserved 1048576K
Event: 3593.667 GC heap after
Heap after GC invocations=81 (full 8):
 PSYoungGen      total 298496K, used 39890K [0x00000000e0000000, 0x00000000f8e00000, 0x0000000100000000)
  eden space 229376K, 0% used [0x00000000e0000000,0x00000000e0000000,0x00000000ee000000)
  from space 69120K, 57% used [0x00000000ee000000,0x00000000f06f48b8,0x00000000f2380000)
  to   space 71168K, 0% used [0x00000000f4880000,0x00000000f4880000,0x00000000f8e00000)
 ParOldGen       total 285184K, used 195571K [0x00000000a0000000, 0x00000000b1680000, 0x00000000e0000000)
  object space 285184K, 68% used [0x00000000a0000000,0x00000000abefcdd8,0x00000000b1680000)
 Metaspace       used 100977K, capacity 104710K, committed 105944K, reserved 1140736K
  class space    used 12656K, capacity 13469K, committed 13824K, reserved 1048576K
}
Event: 3619.699 GC heap before
{Heap before GC invocations=82 (full 8):
 PSYoungGen      total 298496K, used 269266K [0x00000000e0000000, 0x00000000f8e00000, 0x0000000100000000)
  eden space 229376K, 100% used [0x00000000e0000000,0x00000000ee000000,0x00000000ee000000)
  from space 69120K, 57% used [0x00000000ee000000,0x00000000f06f48b8,0x00000000f2380000)
  to   space 71168K, 0% used [0x00000000f4880000,0x00000000f4880000,0x00000000f8e00000)
 ParOldGen       total 285184K, used 195571K [0x00000000a0000000, 0x00000000b1680000, 0x00000000e0000000)
  object space 285184K, 68% used [0x00000000a0000000,0x00000000abefcdd8,0x00000000b1680000)
 Metaspace       used 101049K, capacity 104786K, committed 105944K, reserved 1140736K
  class space    used 12659K, capacity 13473K, committed 13824K, reserved 1048576K
Event: 3619.762 GC heap after
Heap after GC invocations=82 (full 8):
 PSYoungGen      total 327680K, used 59437K [0x00000000e0000000, 0x00000000f9d00000, 0x0000000100000000)
  eden space 256512K, 0% used [0x00000000e0000000,0x00000000e0000000,0x00000000efa80000)
  from space 71168K, 83% used [0x00000000f4880000,0x00000000f828b598,0x00000000f8e00000)
  to   space 79872K, 0% used [0x00000000efa80000,0x00000000efa80000,0x00000000f4880000)
 ParOldGen       total 285184K, used 204530K [0x00000000a0000000, 0x00000000b1680000, 0x00000000e0000000)
  object space 285184K, 71% used [0x00000000a0000000,0x00000000ac7bcb90,0x00000000b1680000)
 Metaspace       used 101049K, capacity 104786K, committed 105944K, reserved 1140736K
  class space    used 12659K, capacity 13473K, committed 13824K, reserved 1048576K
}
Event: 3621.609 GC heap before
{Heap before GC invocations=83 (full 8):
 PSYoungGen      total 327680K, used 315949K [0x00000000e0000000, 0x00000000f9d00000, 0x0000000100000000)
  eden space 256512K, 100% used [0x00000000e0000000,0x00000000efa80000,0x00000000efa80000)
  from space 71168K, 83% used [0x00000000f4880000,0x00000000f828b598,0x00000000f8e00000)
  to   space 79872K, 0% used [0x00000000efa80000,0x00000000efa80000,0x00000000f4880000)
 ParOldGen       total 285184K, used 204530K [0x00000000a0000000, 0x00000000b1680000, 0x00000000e0000000)
  object space 285184K, 71% used [0x00000000a0000000,0x00000000ac7bcb90,0x00000000b1680000)
 Metaspace       used 101110K, capacity 104854K, committed 105944K, reserved 1140736K
  class space    used 12659K, capacity 13473K, committed 13824K, reserved 1048576K
Event: 3621.826 GC heap after
Heap after GC invocations=83 (full 8):
 PSYoungGen      total 336384K, used 79850K [0x00000000e0000000, 0x00000000ff200000, 0x0000000100000000)
  eden space 256512K, 0% used [0x00000000e0000000,0x00000000e0000000,0x00000000efa80000)
  from space 79872K, 99% used [0x00000000efa80000,0x00000000f487a9e8,0x00000000f4880000)
  to   space 105984K, 0% used [0x00000000f8a80000,0x00000000f8a80000,0x00000000ff200000)
 ParOldGen       total 285184K, used 234923K [0x00000000a0000000, 0x00000000b1680000, 0x00000000e0000000)
  object space 285184K, 82% used [0x00000000a0000000,0x00000000ae56ac98,0x00000000b1680000)
 Metaspace       used 101110K, capacity 104854K, committed 105944K, reserved 1140736K
  class space    used 12659K, capacity 13473K, committed 13824K, reserved 1048576K
}

