# JRE version: OpenJDK Runtime Environment (8.0_152-b01) (build 1.8.0_152-release-1136-b01)
# Java VM: OpenJDK 64-Bit Server VM (25.152-b01 mixed mode windows-amd64 compressed oops)
Heap:
 PSYoungGen      total 384000K, used 383994K [0x00000000e0000000, 0x00000000ff280000, 0x0000000100000000)
  eden space 358400K, 100% used [0x00000000e0000000,0x00000000f5e00000,0x00000000f5e00000)
  from space 25600K, 99% used [0x00000000f5e00000,0x00000000f76fe850,0x00000000f7700000)
  to   space 39936K, 99% used [0x00000000fcb80000,0x00000000ff279470,0x00000000ff280000)
 ParOldGen       total 161280K, used 160972K [0x00000000a0000000, 0x00000000a9d80000, 0x00000000e0000000)
  object space 161280K, 99% used [0x00000000a0000000,0x00000000a9d331a0,0x00000000a9d80000)
 Metaspace       used 87700K, capacity 91458K, committed 91736K, reserved 1128448K
  class space    used 11322K, capacity 12086K, committed 12160K, reserved 1048576K
GC Heap History (10 events):
Event: 301.954 GC heap after
Heap after GC invocations=28 (full 4):
 PSYoungGen      total 314880K, used 11334K [0x00000000e0000000, 0x00000000f5200000, 0x0000000100000000)
  eden space 294912K, 0% used [0x00000000e0000000,0x00000000e0000000,0x00000000f2000000)
  from space 19968K, 56% used [0x00000000f3e80000,0x00000000f4991a58,0x00000000f5200000)
  to   space 25600K, 0% used [0x00000000f2000000,0x00000000f2000000,0x00000000f3900000)
 ParOldGen       total 93696K, used 72308K [0x00000000a0000000, 0x00000000a5b80000, 0x00000000e0000000)
  object space 93696K, 77% used [0x00000000a0000000,0x00000000a469d060,0x00000000a5b80000)
 Metaspace       used 76371K, capacity 78914K, committed 79192K, reserved 1118208K
  class space    used 10012K, capacity 10582K, committed 10624K, reserved 1048576K
}
Event: 302.291 GC heap before
{Heap before GC invocations=29 (full 4):
 PSYoungGen      total 314880K, used 306246K [0x00000000e0000000, 0x00000000f5200000, 0x0000000100000000)
  eden space 294912K, 100% used [0x00000000e0000000,0x00000000f2000000,0x00000000f2000000)
  from space 19968K, 56% used [0x00000000f3e80000,0x00000000f4991a58,0x00000000f5200000)
  to   space 25600K, 0% used [0x00000000f2000000,0x00000000f2000000,0x00000000f3900000)
 ParOldGen       total 93696K, used 72308K [0x00000000a0000000, 0x00000000a5b80000, 0x00000000e0000000)
  object space 93696K, 77% used [0x00000000a0000000,0x00000000a469d060,0x00000000a5b80000)
 Metaspace       used 76380K, capacity 78918K, committed 79192K, reserved 1118208K
  class space    used 10012K, capacity 10582K, committed 10624K, reserved 1048576K
Event: 302.302 GC heap after
Heap after GC invocations=29 (full 4):
 PSYoungGen      total 320512K, used 128K [0x00000000e0000000, 0x00000000f9400000, 0x0000000100000000)
  eden space 294912K, 0% used [0x00000000e0000000,0x00000000e0000000,0x00000000f2000000)
  from space 25600K, 0% used [0x00000000f2000000,0x00000000f2020000,0x00000000f3900000)
  to   space 26112K, 0% used [0x00000000f7a80000,0x00000000f7a80000,0x00000000f9400000)
 ParOldGen       total 93696K, used 83094K [0x00000000a0000000, 0x00000000a5b80000, 0x00000000e0000000)
  object space 93696K, 88% used [0x00000000a0000000,0x00000000a51259e0,0x00000000a5b80000)
 Metaspace       used 76380K, capacity 78918K, committed 79192K, reserved 1118208K
  class space    used 10012K, capacity 10582K, committed 10624K, reserved 1048576K
}
Event: 302.302 GC heap before
{Heap before GC invocations=30 (full 5):
 PSYoungGen      total 320512K, used 128K [0x00000000e0000000, 0x00000000f9400000, 0x0000000100000000)
  eden space 294912K, 0% used [0x00000000e0000000,0x00000000e0000000,0x00000000f2000000)
  from space 25600K, 0% used [0x00000000f2000000,0x00000000f2020000,0x00000000f3900000)
  to   space 26112K, 0% used [0x00000000f7a80000,0x00000000f7a80000,0x00000000f9400000)
 ParOldGen       total 93696K, used 83094K [0x00000000a0000000, 0x00000000a5b80000, 0x00000000e0000000)
  object space 93696K, 88% used [0x00000000a0000000,0x00000000a51259e0,0x00000000a5b80000)
 Metaspace       used 76380K, capacity 78918K, committed 79192K, reserved 1118208K
  class space    used 10012K, capacity 10582K, committed 10624K, reserved 1048576K
Event: 302.837 GC heap after
Heap after GC invocations=30 (full 5):
 PSYoungGen      total 320512K, used 0K [0x00000000e0000000, 0x00000000f9400000, 0x0000000100000000)
  eden space 294912K, 0% used [0x00000000e0000000,0x00000000e0000000,0x00000000f2000000)
  from space 25600K, 0% used [0x00000000f2000000,0x00000000f2000000,0x00000000f3900000)
  to   space 26112K, 0% used [0x00000000f7a80000,0x00000000f7a80000,0x00000000f9400000)
 ParOldGen       total 128000K, used 72112K [0x00000000a0000000, 0x00000000a7d00000, 0x00000000e0000000)
  object space 128000K, 56% used [0x00000000a0000000,0x00000000a466c3a0,0x00000000a7d00000)
 Metaspace       used 76380K, capacity 78918K, committed 79192K, reserved 1118208K
  class space    used 10012K, capacity 10582K, committed 10624K, reserved 1048576K
}
Event: 319.905 GC heap before
{Heap before GC invocations=31 (full 5):
 PSYoungGen      total 320512K, used 294912K [0x00000000e0000000, 0x00000000f9400000, 0x0000000100000000)
  eden space 294912K, 100% used [0x00000000e0000000,0x00000000f2000000,0x00000000f2000000)
  from space 25600K, 0% used [0x00000000f2000000,0x00000000f2000000,0x00000000f3900000)
  to   space 26112K, 0% used [0x00000000f7a80000,0x00000000f7a80000,0x00000000f9400000)
 ParOldGen       total 128000K, used 72112K [0x00000000a0000000, 0x00000000a7d00000, 0x00000000e0000000)
  object space 128000K, 56% used [0x00000000a0000000,0x00000000a466c3a0,0x00000000a7d00000)
 Metaspace       used 85899K, capacity 89518K, committed 89816K, reserved 1126400K
  class space    used 11205K, capacity 11974K, committed 12032K, reserved 1048576K
Event: 319.935 GC heap after
Heap after GC invocations=31 (full 5):
 PSYoungGen      total 380416K, used 12130K [0x00000000e0000000, 0x00000000f9000000, 0x0000000100000000)
  eden space 358400K, 0% used [0x00000000e0000000,0x00000000e0000000,0x00000000f5e00000)
  from space 22016K, 55% used [0x00000000f7a80000,0x00000000f86589d8,0x00000000f9000000)
  to   space 25600K, 0% used [0x00000000f5e00000,0x00000000f5e00000,0x00000000f7700000)
 ParOldGen       total 128000K, used 72120K [0x00000000a0000000, 0x00000000a7d00000, 0x00000000e0000000)
  object space 128000K, 56% used [0x00000000a0000000,0x00000000a466e3a0,0x00000000a7d00000)
 Metaspace       used 85899K, capacity 89518K, committed 89816K, reserved 1126400K
  class space    used 11205K, capacity 11974K, committed 12032K, reserved 1048576K
}
Event: 334.437 GC heap before
{Heap before GC invocations=32 (full 5):
 PSYoungGen      total 380416K, used 370530K [0x00000000e0000000, 0x00000000f9000000, 0x0000000100000000)
  eden space 358400K, 100% used [0x00000000e0000000,0x00000000f5e00000,0x00000000f5e00000)
  from space 22016K, 55% used [0x00000000f7a80000,0x00000000f86589d8,0x00000000f9000000)
  to   space 25600K, 0% used [0x00000000f5e00000,0x00000000f5e00000,0x00000000f7700000)
 ParOldGen       total 128000K, used 72120K [0x00000000a0000000, 0x00000000a7d00000, 0x00000000e0000000)
  object space 128000K, 56% used [0x00000000a0000000,0x00000000a466e3a0,0x00000000a7d00000)
 Metaspace       used 87044K, capacity 90720K, committed 90840K, reserved 1128448K
  class space    used 11263K, capacity 12031K, committed 12032K, reserved 1048576K
Event: 334.475 GC heap after
Heap after GC invocations=32 (full 5):
 PSYoungGen      total 384000K, used 25594K [0x00000000e0000000, 0x00000000ff280000, 0x0000000100000000)
  eden space 358400K, 0% used [0x00000000e0000000,0x00000000e0000000,0x00000000f5e00000)
  from space 25600K, 99% used [0x00000000f5e00000,0x00000000f76fe850,0x00000000f7700000)
  to   space 39936K, 0% used [0x00000000fcb80000,0x00000000fcb80000,0x00000000ff280000)
 ParOldGen       total 128000K, used 99173K [0x00000000a0000000, 0x00000000a7d00000, 0x00000000e0000000)
  object space 128000K, 77% used [0x00000000a0000000,0x00000000a60d95f0,0x00000000a7d00000)
 Metaspace       used 87044K, capacity 90720K, committed 90840K, reserved 1128448K
  class space    used 11263K, capacity 12031K, committed 12032K, reserved 1048576K
}
Event: 338.441 GC heap before
{Heap before GC invocations=33 (full 5):
 PSYoungGen      total 384000K, used 383994K [0x00000000e0000000, 0x00000000ff280000, 0x0000000100000000)
  eden space 358400K, 100% used [0x00000000e0000000,0x00000000f5e00000,0x00000000f5e00000)
  from space 25600K, 99% used [0x00000000f5e00000,0x00000000f76fe850,0x00000000f7700000)
  to   space 39936K, 0% used [0x00000000fcb80000,0x00000000fcb80000,0x00000000ff280000)
 ParOldGen       total 128000K, used 99173K [0x00000000a0000000, 0x00000000a7d00000, 0x00000000e0000000)
  object space 128000K, 77% used [0x00000000a0000000,0x00000000a60d95f0,0x00000000a7d00000)
 Metaspace       used 87700K, capacity 91458K, committed 91736K, reserved 1128448K
  class space    used 11322K, capacity 12086K, committed 12160K, reserved 1048576K

