# JRE version: OpenJDK Runtime Environment (8.0_152-b04) (build 1.8.0_152-release-1136-b04)
# Java VM: OpenJDK 64-Bit Server VM (25.152-b04 mixed mode windows-amd64 compressed oops)
Heap:
 PSYoungGen      total 259584K, used 15332K [0x00000000e0000000, 0x00000000f5280000, 0x0000000100000000)
  eden space 209408K, 7% used [0x00000000e0000000,0x00000000e0ef9140,0x00000000ecc80000)
  from space 50176K, 0% used [0x00000000ecc80000,0x00000000ecc80000,0x00000000efd80000)
  to   space 49664K, 0% used [0x00000000f2200000,0x00000000f2200000,0x00000000f5280000)
 ParOldGen       total 264704K, used 147632K [0x00000000a0000000, 0x00000000b0280000, 0x00000000e0000000)
  object space 264704K, 55% used [0x00000000a0000000,0x00000000a902c260,0x00000000b0280000)
 Metaspace       used 77392K, capacity 78830K, committed 78848K, reserved 1118208K
  class space    used 8860K, capacity 9202K, committed 9216K, reserved 1048576K
GC Heap History (10 events):
Event: 60.193 GC heap before
{Heap before GC invocations=30 (full 6):
 PSYoungGen      total 219136K, used 21900K [0x00000000e0000000, 0x00000000f0180000, 0x0000000100000000)
  eden space 178688K, 0% used [0x00000000e0000000,0x00000000e0000000,0x00000000eae80000)
  from space 40448K, 54% used [0x00000000eda00000,0x00000000eef63260,0x00000000f0180000)
  to   space 42496K, 0% used [0x00000000eae80000,0x00000000eae80000,0x00000000ed800000)
 ParOldGen       total 164352K, used 137396K [0x00000000a0000000, 0x00000000aa080000, 0x00000000e0000000)
  object space 164352K, 83% used [0x00000000a0000000,0x00000000a862d060,0x00000000aa080000)
 Metaspace       used 69923K, capacity 71124K, committed 71424K, reserved 1112064K
  class space    used 8014K, capacity 8333K, committed 8448K, reserved 1048576K
Event: 60.505 GC heap after
Heap after GC invocations=30 (full 6):
 PSYoungGen      total 219136K, used 0K [0x00000000e0000000, 0x00000000f0180000, 0x0000000100000000)
  eden space 178688K, 0% used [0x00000000e0000000,0x00000000e0000000,0x00000000eae80000)
  from space 40448K, 0% used [0x00000000eda00000,0x00000000eda00000,0x00000000f0180000)
  to   space 42496K, 0% used [0x00000000eae80000,0x00000000eae80000,0x00000000ed800000)
 ParOldGen       total 166400K, used 76224K [0x00000000a0000000, 0x00000000aa280000, 0x00000000e0000000)
  object space 166400K, 45% used [0x00000000a0000000,0x00000000a4a703a8,0x00000000aa280000)
 Metaspace       used 69923K, capacity 71124K, committed 71424K, reserved 1112064K
  class space    used 8014K, capacity 8333K, committed 8448K, reserved 1048576K
}
Event: 63.812 GC heap before
{Heap before GC invocations=31 (full 6):
 PSYoungGen      total 219136K, used 178688K [0x00000000e0000000, 0x00000000f0180000, 0x0000000100000000)
  eden space 178688K, 100% used [0x00000000e0000000,0x00000000eae80000,0x00000000eae80000)
  from space 40448K, 0% used [0x00000000eda00000,0x00000000eda00000,0x00000000f0180000)
  to   space 42496K, 0% used [0x00000000eae80000,0x00000000eae80000,0x00000000ed800000)
 ParOldGen       total 166400K, used 76224K [0x00000000a0000000, 0x00000000aa280000, 0x00000000e0000000)
  object space 166400K, 45% used [0x00000000a0000000,0x00000000a4a703a8,0x00000000aa280000)
 Metaspace       used 72518K, capacity 73740K, committed 73984K, reserved 1114112K
  class space    used 8347K, capacity 8663K, committed 8704K, reserved 1048576K
Event: 63.866 GC heap after
Heap after GC invocations=31 (full 6):
 PSYoungGen      total 221184K, used 32211K [0x00000000e0000000, 0x00000000f2980000, 0x0000000100000000)
  eden space 178688K, 0% used [0x00000000e0000000,0x00000000e0000000,0x00000000eae80000)
  from space 42496K, 75% used [0x00000000eae80000,0x00000000ecdf4da0,0x00000000ed800000)
  to   space 45056K, 0% used [0x00000000efd80000,0x00000000efd80000,0x00000000f2980000)
 ParOldGen       total 166400K, used 76232K [0x00000000a0000000, 0x00000000aa280000, 0x00000000e0000000)
  object space 166400K, 45% used [0x00000000a0000000,0x00000000a4a723a8,0x00000000aa280000)
 Metaspace       used 72518K, capacity 73740K, committed 73984K, reserved 1114112K
  class space    used 8347K, capacity 8663K, committed 8704K, reserved 1048576K
}
Event: 65.409 GC heap before
{Heap before GC invocations=32 (full 6):
 PSYoungGen      total 221184K, used 210899K [0x00000000e0000000, 0x00000000f2980000, 0x0000000100000000)
  eden space 178688K, 100% used [0x00000000e0000000,0x00000000eae80000,0x00000000eae80000)
  from space 42496K, 75% used [0x00000000eae80000,0x00000000ecdf4da0,0x00000000ed800000)
  to   space 45056K, 0% used [0x00000000efd80000,0x00000000efd80000,0x00000000f2980000)
 ParOldGen       total 166400K, used 76232K [0x00000000a0000000, 0x00000000aa280000, 0x00000000e0000000)
  object space 166400K, 45% used [0x00000000a0000000,0x00000000a4a723a8,0x00000000aa280000)
 Metaspace       used 73128K, capacity 74374K, committed 74624K, reserved 1116160K
  class space    used 8433K, capacity 8738K, committed 8832K, reserved 1048576K
Event: 65.540 GC heap after
Heap after GC invocations=32 (full 6):
 PSYoungGen      total 254464K, used 39809K [0x00000000e0000000, 0x00000000f3280000, 0x0000000100000000)
  eden space 209408K, 0% used [0x00000000e0000000,0x00000000e0000000,0x00000000ecc80000)
  from space 45056K, 88% used [0x00000000efd80000,0x00000000f24606c0,0x00000000f2980000)
  to   space 50176K, 0% used [0x00000000ecc80000,0x00000000ecc80000,0x00000000efd80000)
 ParOldGen       total 166400K, used 105761K [0x00000000a0000000, 0x00000000aa280000, 0x00000000e0000000)
  object space 166400K, 63% used [0x00000000a0000000,0x00000000a6748638,0x00000000aa280000)
 Metaspace       used 73128K, capacity 74374K, committed 74624K, reserved 1116160K
  class space    used 8433K, capacity 8738K, committed 8832K, reserved 1048576K
}
Event: 70.692 GC heap before
{Heap before GC invocations=33 (full 6):
 PSYoungGen      total 254464K, used 249217K [0x00000000e0000000, 0x00000000f3280000, 0x0000000100000000)
  eden space 209408K, 100% used [0x00000000e0000000,0x00000000ecc80000,0x00000000ecc80000)
  from space 45056K, 88% used [0x00000000efd80000,0x00000000f24606c0,0x00000000f2980000)
  to   space 50176K, 0% used [0x00000000ecc80000,0x00000000ecc80000,0x00000000efd80000)
 ParOldGen       total 166400K, used 105761K [0x00000000a0000000, 0x00000000aa280000, 0x00000000e0000000)
  object space 166400K, 63% used [0x00000000a0000000,0x00000000a6748638,0x00000000aa280000)
 Metaspace       used 77346K, capacity 78766K, committed 78848K, reserved 1118208K
  class space    used 8860K, capacity 9202K, committed 9216K, reserved 1048576K
Event: 70.759 GC heap after
Heap after GC invocations=33 (full 6):
 PSYoungGen      total 259584K, used 7865K [0x00000000e0000000, 0x00000000f5280000, 0x0000000100000000)
  eden space 209408K, 0% used [0x00000000e0000000,0x00000000e0000000,0x00000000ecc80000)
  from space 50176K, 15% used [0x00000000ecc80000,0x00000000ed42e4e0,0x00000000efd80000)
  to   space 49664K, 0% used [0x00000000f2200000,0x00000000f2200000,0x00000000f5280000)
 ParOldGen       total 166400K, used 145266K [0x00000000a0000000, 0x00000000aa280000, 0x00000000e0000000)
  object space 166400K, 87% used [0x00000000a0000000,0x00000000a8ddc908,0x00000000aa280000)
 Metaspace       used 77346K, capacity 78766K, committed 78848K, reserved 1118208K
  class space    used 8860K, capacity 9202K, committed 9216K, reserved 1048576K
}
Event: 70.759 GC heap before
{Heap before GC invocations=34 (full 7):
 PSYoungGen      total 259584K, used 7865K [0x00000000e0000000, 0x00000000f5280000, 0x0000000100000000)
  eden space 209408K, 0% used [0x00000000e0000000,0x00000000e0000000,0x00000000ecc80000)
  from space 50176K, 15% used [0x00000000ecc80000,0x00000000ed42e4e0,0x00000000efd80000)
  to   space 49664K, 0% used [0x00000000f2200000,0x00000000f2200000,0x00000000f5280000)
 ParOldGen       total 166400K, used 145266K [0x00000000a0000000, 0x00000000aa280000, 0x00000000e0000000)
  object space 166400K, 87% used [0x00000000a0000000,0x00000000a8ddc908,0x00000000aa280000)
 Metaspace       used 77346K, capacity 78766K, committed 78848K, reserved 1118208K
  class space    used 8860K, capacity 9202K, committed 9216K, reserved 1048576K
Event: 71.755 GC heap after
Heap after GC invocations=34 (full 7):
 PSYoungGen      total 259584K, used 0K [0x00000000e0000000, 0x00000000f5280000, 0x0000000100000000)
  eden space 209408K, 0% used [0x00000000e0000000,0x00000000e0000000,0x00000000ecc80000)
  from space 50176K, 0% used [0x00000000ecc80000,0x00000000ecc80000,0x00000000efd80000)
  to   space 49664K, 0% used [0x00000000f2200000,0x00000000f2200000,0x00000000f5280000)
 ParOldGen       total 264704K, used 147632K [0x00000000a0000000, 0x00000000b0280000, 0x00000000e0000000)
  object space 264704K, 55% used [0x00000000a0000000,0x00000000a902c260,0x00000000b0280000)
 Metaspace       used 77346K, capacity 78766K, committed 78848K, reserved 1118208K
  class space    used 8860K, capacity 9202K, committed 9216K, reserved 1048576K
}

