# JRE version: OpenJDK Runtime Environment (8.0_152-b04) (build 1.8.0_152-release-1136-b04)
# Java VM: OpenJDK 64-Bit Server VM (25.152-b04 mixed mode windows-amd64 compressed oops)
Heap:
 PSYoungGen      total 285696K, used 174114K [0x00000000e0000000, 0x00000000f5c00000, 0x0000000100000000)
  eden space 258048K, 60% used [0x00000000e0000000,0x00000000e9950a18,0x00000000efc00000)
  from space 27648K, 61% used [0x00000000efc00000,0x00000000f0cb8080,0x00000000f1700000)
  to   space 28672K, 0% used [0x00000000f4000000,0x00000000f4000000,0x00000000f5c00000)
 ParOldGen       total 108544K, used 63997K [0x00000000a0000000, 0x00000000a6a00000, 0x00000000e0000000)
  object space 108544K, 58% used [0x00000000a0000000,0x00000000a3e7f678,0x00000000a6a00000)
 Metaspace       used 92418K, capacity 95950K, committed 97368K, reserved 1134592K
  class space    used 11690K, capacity 12350K, committed 12672K, reserved 1048576K
GC Heap History (10 events):
Event: 2047.254 GC heap before
{Heap before GC invocations=35 (full 5):
 PSYoungGen      total 192512K, used 167267K [0x00000000e0000000, 0x00000000f0100000, 0x0000000100000000)
  eden space 166912K, 100% used [0x00000000e0000000,0x00000000ea300000,0x00000000ea300000)
  from space 25600K, 1% used [0x00000000ea300000,0x00000000ea358c98,0x00000000ebc00000)
  to   space 25600K, 0% used [0x00000000ee800000,0x00000000ee800000,0x00000000f0100000)
 ParOldGen       total 105472K, used 84134K [0x00000000a0000000, 0x00000000a6700000, 0x00000000e0000000)
  object space 105472K, 79% used [0x00000000a0000000,0x00000000a5229b70,0x00000000a6700000)
 Metaspace       used 92336K, capacity 96210K, committed 96472K, reserved 1132544K
  class space    used 11812K, capacity 12535K, committed 12544K, reserved 1048576K
Event: 2063.820 GC heap after
Heap after GC invocations=35 (full 5):
 PSYoungGen      total 232960K, used 25189K [0x00000000e0000000, 0x00000000f0900000, 0x0000000100000000)
  eden space 207360K, 0% used [0x00000000e0000000,0x00000000e0000000,0x00000000eca80000)
  from space 25600K, 98% used [0x00000000ee800000,0x00000000f0099540,0x00000000f0100000)
  to   space 30208K, 0% used [0x00000000eca80000,0x00000000eca80000,0x00000000ee800000)
 ParOldGen       total 105472K, used 84346K [0x00000000a0000000, 0x00000000a6700000, 0x00000000e0000000)
  object space 105472K, 79% used [0x00000000a0000000,0x00000000a525e818,0x00000000a6700000)
 Metaspace       used 92336K, capacity 96210K, committed 96472K, reserved 1132544K
  class space    used 11812K, capacity 12535K, committed 12544K, reserved 1048576K
}
Event: 2356.808 GC heap before
{Heap before GC invocations=36 (full 5):
 PSYoungGen      total 232960K, used 232549K [0x00000000e0000000, 0x00000000f0900000, 0x0000000100000000)
  eden space 207360K, 100% used [0x00000000e0000000,0x00000000eca80000,0x00000000eca80000)
  from space 25600K, 98% used [0x00000000ee800000,0x00000000f0099540,0x00000000f0100000)
  to   space 30208K, 0% used [0x00000000eca80000,0x00000000eca80000,0x00000000ee800000)
 ParOldGen       total 105472K, used 84346K [0x00000000a0000000, 0x00000000a6700000, 0x00000000e0000000)
  object space 105472K, 79% used [0x00000000a0000000,0x00000000a525e818,0x00000000a6700000)
 Metaspace       used 92746K, capacity 96828K, committed 97112K, reserved 1134592K
  class space    used 11854K, capacity 12606K, committed 12672K, reserved 1048576K
Event: 2357.883 GC heap after
Heap after GC invocations=36 (full 5):
 PSYoungGen      total 237568K, used 5240K [0x00000000e0000000, 0x00000000f3700000, 0x0000000100000000)
  eden space 207360K, 0% used [0x00000000e0000000,0x00000000e0000000,0x00000000eca80000)
  from space 30208K, 17% used [0x00000000eca80000,0x00000000ecf9e388,0x00000000ee800000)
  to   space 29184K, 0% used [0x00000000f1a80000,0x00000000f1a80000,0x00000000f3700000)
 ParOldGen       total 105472K, used 91532K [0x00000000a0000000, 0x00000000a6700000, 0x00000000e0000000)
  object space 105472K, 86% used [0x00000000a0000000,0x00000000a5963148,0x00000000a6700000)
 Metaspace       used 92746K, capacity 96828K, committed 97112K, reserved 1134592K
  class space    used 11854K, capacity 12606K, committed 12672K, reserved 1048576K
}
Event: 2379.853 GC heap before
{Heap before GC invocations=37 (full 5):
 PSYoungGen      total 237568K, used 212564K [0x00000000e0000000, 0x00000000f3700000, 0x0000000100000000)
  eden space 207360K, 99% used [0x00000000e0000000,0x00000000eca77048,0x00000000eca80000)
  from space 30208K, 17% used [0x00000000eca80000,0x00000000ecf9e388,0x00000000ee800000)
  to   space 29184K, 0% used [0x00000000f1a80000,0x00000000f1a80000,0x00000000f3700000)
 ParOldGen       total 105472K, used 91532K [0x00000000a0000000, 0x00000000a6700000, 0x00000000e0000000)
  object space 105472K, 86% used [0x00000000a0000000,0x00000000a5963148,0x00000000a6700000)
 Metaspace       used 93049K, capacity 97138K, committed 97368K, reserved 1134592K
  class space    used 11890K, capacity 12647K, committed 12672K, reserved 1048576K
Event: 2379.889 GC heap after
Heap after GC invocations=37 (full 5):
 PSYoungGen      total 282112K, used 7530K [0x00000000e0000000, 0x00000000f3200000, 0x0000000100000000)
  eden space 258048K, 0% used [0x00000000e0000000,0x00000000e0000000,0x00000000efc00000)
  from space 24064K, 31% used [0x00000000f1a80000,0x00000000f21da810,0x00000000f3200000)
  to   space 27648K, 0% used [0x00000000efc00000,0x00000000efc00000,0x00000000f1700000)
 ParOldGen       total 105472K, used 95152K [0x00000000a0000000, 0x00000000a6700000, 0x00000000e0000000)
  object space 105472K, 90% used [0x00000000a0000000,0x00000000a5cec140,0x00000000a6700000)
 Metaspace       used 93049K, capacity 97138K, committed 97368K, reserved 1134592K
  class space    used 11890K, capacity 12647K, committed 12672K, reserved 1048576K
}
Event: 2379.889 GC heap before
{Heap before GC invocations=38 (full 6):
 PSYoungGen      total 282112K, used 7530K [0x00000000e0000000, 0x00000000f3200000, 0x0000000100000000)
  eden space 258048K, 0% used [0x00000000e0000000,0x00000000e0000000,0x00000000efc00000)
  from space 24064K, 31% used [0x00000000f1a80000,0x00000000f21da810,0x00000000f3200000)
  to   space 27648K, 0% used [0x00000000efc00000,0x00000000efc00000,0x00000000f1700000)
 ParOldGen       total 105472K, used 95152K [0x00000000a0000000, 0x00000000a6700000, 0x00000000e0000000)
  object space 105472K, 90% used [0x00000000a0000000,0x00000000a5cec140,0x00000000a6700000)
 Metaspace       used 93049K, capacity 97138K, committed 97368K, reserved 1134592K
  class space    used 11890K, capacity 12647K, committed 12672K, reserved 1048576K
Event: 2418.901 GC heap after
Heap after GC invocations=38 (full 6):
 PSYoungGen      total 282112K, used 0K [0x00000000e0000000, 0x00000000f3200000, 0x0000000100000000)
  eden space 258048K, 0% used [0x00000000e0000000,0x00000000e0000000,0x00000000efc00000)
  from space 24064K, 0% used [0x00000000f1a80000,0x00000000f1a80000,0x00000000f3200000)
  to   space 27648K, 0% used [0x00000000efc00000,0x00000000efc00000,0x00000000f1700000)
 ParOldGen       total 108544K, used 63989K [0x00000000a0000000, 0x00000000a6a00000, 0x00000000e0000000)
  object space 108544K, 58% used [0x00000000a0000000,0x00000000a3e7d678,0x00000000a6a00000)
 Metaspace       used 91632K, capacity 94838K, committed 97368K, reserved 1134592K
  class space    used 11623K, capacity 12228K, committed 12672K, reserved 1048576K
}
Event: 3109.927 GC heap before
{Heap before GC invocations=39 (full 6):
 PSYoungGen      total 282112K, used 258048K [0x00000000e0000000, 0x00000000f3200000, 0x0000000100000000)
  eden space 258048K, 100% used [0x00000000e0000000,0x00000000efc00000,0x00000000efc00000)
  from space 24064K, 0% used [0x00000000f1a80000,0x00000000f1a80000,0x00000000f3200000)
  to   space 27648K, 0% used [0x00000000efc00000,0x00000000efc00000,0x00000000f1700000)
 ParOldGen       total 108544K, used 63989K [0x00000000a0000000, 0x00000000a6a00000, 0x00000000e0000000)
  object space 108544K, 58% used [0x00000000a0000000,0x00000000a3e7d678,0x00000000a6a00000)
 Metaspace       used 92303K, capacity 95742K, committed 97368K, reserved 1134592K
  class space    used 11688K, capacity 12348K, committed 12672K, reserved 1048576K
Event: 3116.007 GC heap after
Heap after GC invocations=39 (full 6):
 PSYoungGen      total 285696K, used 17120K [0x00000000e0000000, 0x00000000f5c00000, 0x0000000100000000)
  eden space 258048K, 0% used [0x00000000e0000000,0x00000000e0000000,0x00000000efc00000)
  from space 27648K, 61% used [0x00000000efc00000,0x00000000f0cb8080,0x00000000f1700000)
  to   space 28672K, 0% used [0x00000000f4000000,0x00000000f4000000,0x00000000f5c00000)
 ParOldGen       total 108544K, used 63997K [0x00000000a0000000, 0x00000000a6a00000, 0x00000000e0000000)
  object space 108544K, 58% used [0x00000000a0000000,0x00000000a3e7f678,0x00000000a6a00000)
 Metaspace       used 92303K, capacity 95742K, committed 97368K, reserved 1134592K
  class space    used 11688K, capacity 12348K, committed 12672K, reserved 1048576K
}

