# JRE version: OpenJDK Runtime Environment (8.0_152-b01) (build 1.8.0_152-release-1136-b01)
# Java VM: OpenJDK 64-Bit Server VM (25.152-b01 mixed mode windows-amd64 compressed oops)
Heap:
 PSYoungGen      total 329728K, used 168286K [0x00000000e0000000, 0x00000000f8580000, 0x0000000100000000)
  eden space 267776K, 48% used [0x00000000e0000000,0x00000000e7e4a240,0x00000000f0580000)
  from space 61952K, 62% used [0x00000000f4280000,0x00000000f688d928,0x00000000f7f00000)
  to   space 62464K, 0% used [0x00000000f0580000,0x00000000f0580000,0x00000000f4280000)
 ParOldGen       total 196608K, used 107215K [0x00000000a0000000, 0x00000000ac000000, 0x00000000e0000000)
  object space 196608K, 54% used [0x00000000a0000000,0x00000000a68b3f48,0x00000000ac000000)
 Metaspace       used 171128K, capacity 179811K, committed 181056K, reserved 1206272K
  class space    used 21635K, capacity 23496K, committed 23680K, reserved 1048576K
GC Heap History (10 events):
Event: 6428.271 GC heap before
{Heap before GC invocations=44 (full 5):
 PSYoungGen      total 271872K, used 271864K [0x00000000e0000000, 0x00000000f7480000, 0x0000000100000000)
  eden space 242688K, 100% used [0x00000000e0000000,0x00000000eed00000,0x00000000eed00000)
  from space 29184K, 99% used [0x00000000f5800000,0x00000000f747e2e8,0x00000000f7480000)
  to   space 67072K, 0% used [0x00000000ef180000,0x00000000ef180000,0x00000000f3300000)
 ParOldGen       total 150528K, used 102392K [0x00000000a0000000, 0x00000000a9300000, 0x00000000e0000000)
  object space 150528K, 68% used [0x00000000a0000000,0x00000000a63fe110,0x00000000a9300000)
 Metaspace       used 153061K, capacity 161261K, committed 161496K, reserved 1189888K
  class space    used 19468K, capacity 21235K, committed 21248K, reserved 1048576K
Event: 6428.366 GC heap after
Heap after GC invocations=44 (full 5):
 PSYoungGen      total 263168K, used 29920K [0x00000000e0000000, 0x00000000f6080000, 0x0000000100000000)
  eden space 232960K, 0% used [0x00000000e0000000,0x00000000e0000000,0x00000000ee380000)
  from space 30208K, 99% used [0x00000000ef180000,0x00000000f0eb8050,0x00000000f0f00000)
  to   space 64000K, 0% used [0x00000000f2200000,0x00000000f2200000,0x00000000f6080000)
 ParOldGen       total 150528K, used 102400K [0x00000000a0000000, 0x00000000a9300000, 0x00000000e0000000)
  object space 150528K, 68% used [0x00000000a0000000,0x00000000a6400110,0x00000000a9300000)
 Metaspace       used 153061K, capacity 161261K, committed 161496K, reserved 1189888K
  class space    used 19468K, capacity 21235K, committed 21248K, reserved 1048576K
}
Event: 6438.116 GC heap before
{Heap before GC invocations=45 (full 5):
 PSYoungGen      total 263168K, used 190791K [0x00000000e0000000, 0x00000000f6080000, 0x0000000100000000)
  eden space 232960K, 69% used [0x00000000e0000000,0x00000000e9d19d58,0x00000000ee380000)
  from space 30208K, 99% used [0x00000000ef180000,0x00000000f0eb8050,0x00000000f0f00000)
  to   space 64000K, 0% used [0x00000000f2200000,0x00000000f2200000,0x00000000f6080000)
 ParOldGen       total 150528K, used 102400K [0x00000000a0000000, 0x00000000a9300000, 0x00000000e0000000)
  object space 150528K, 68% used [0x00000000a0000000,0x00000000a6400110,0x00000000a9300000)
 Metaspace       used 155555K, capacity 164365K, committed 164416K, reserved 1191936K
  class space    used 19749K, capacity 21607K, committed 21632K, reserved 1048576K
Event: 6438.376 GC heap after
Heap after GC invocations=45 (full 5):
 PSYoungGen      total 297472K, used 36997K [0x00000000e0000000, 0x00000000f8180000, 0x0000000100000000)
  eden space 233472K, 0% used [0x00000000e0000000,0x00000000e0000000,0x00000000ee400000)
  from space 64000K, 57% used [0x00000000f2200000,0x00000000f46216e0,0x00000000f6080000)
  to   space 63488K, 0% used [0x00000000ee400000,0x00000000ee400000,0x00000000f2200000)
 ParOldGen       total 150528K, used 102408K [0x00000000a0000000, 0x00000000a9300000, 0x00000000e0000000)
  object space 150528K, 68% used [0x00000000a0000000,0x00000000a6402110,0x00000000a9300000)
 Metaspace       used 155555K, capacity 164365K, committed 164416K, reserved 1191936K
  class space    used 19749K, capacity 21607K, committed 21632K, reserved 1048576K
}
Event: 6438.377 GC heap before
{Heap before GC invocations=46 (full 6):
 PSYoungGen      total 297472K, used 36997K [0x00000000e0000000, 0x00000000f8180000, 0x0000000100000000)
  eden space 233472K, 0% used [0x00000000e0000000,0x00000000e0000000,0x00000000ee400000)
  from space 64000K, 57% used [0x00000000f2200000,0x00000000f46216e0,0x00000000f6080000)
  to   space 63488K, 0% used [0x00000000ee400000,0x00000000ee400000,0x00000000f2200000)
 ParOldGen       total 150528K, used 102408K [0x00000000a0000000, 0x00000000a9300000, 0x00000000e0000000)
  object space 150528K, 68% used [0x00000000a0000000,0x00000000a6402110,0x00000000a9300000)
 Metaspace       used 155555K, capacity 164365K, committed 164416K, reserved 1191936K
  class space    used 19749K, capacity 21607K, committed 21632K, reserved 1048576K
Event: 6441.054 GC heap after
Heap after GC invocations=46 (full 6):
 PSYoungGen      total 297472K, used 0K [0x00000000e0000000, 0x00000000f8180000, 0x0000000100000000)
  eden space 233472K, 0% used [0x00000000e0000000,0x00000000e0000000,0x00000000ee400000)
  from space 64000K, 0% used [0x00000000f2200000,0x00000000f2200000,0x00000000f6080000)
  to   space 63488K, 0% used [0x00000000ee400000,0x00000000ee400000,0x00000000f2200000)
 ParOldGen       total 196608K, used 107199K [0x00000000a0000000, 0x00000000ac000000, 0x00000000e0000000)
  object space 196608K, 54% used [0x00000000a0000000,0x00000000a68aff48,0x00000000ac000000)
 Metaspace       used 153399K, capacity 160719K, committed 164416K, reserved 1191936K
  class space    used 19375K, capacity 20920K, committed 21632K, reserved 1048576K
}
Event: 6461.647 GC heap before
{Heap before GC invocations=47 (full 6):
 PSYoungGen      total 297472K, used 233472K [0x00000000e0000000, 0x00000000f8180000, 0x0000000100000000)
  eden space 233472K, 100% used [0x00000000e0000000,0x00000000ee400000,0x00000000ee400000)
  from space 64000K, 0% used [0x00000000f2200000,0x00000000f2200000,0x00000000f6080000)
  to   space 63488K, 0% used [0x00000000ee400000,0x00000000ee400000,0x00000000f2200000)
 ParOldGen       total 196608K, used 107199K [0x00000000a0000000, 0x00000000ac000000, 0x00000000e0000000)
  object space 196608K, 54% used [0x00000000a0000000,0x00000000a68aff48,0x00000000ac000000)
 Metaspace       used 164074K, capacity 171901K, committed 174272K, reserved 1200128K
  class space    used 20670K, capacity 22345K, committed 22784K, reserved 1048576K
Event: 6461.678 GC heap after
Heap after GC invocations=47 (full 6):
 PSYoungGen      total 296960K, used 19124K [0x00000000e0000000, 0x00000000f7f00000, 0x0000000100000000)
  eden space 233472K, 0% used [0x00000000e0000000,0x00000000e0000000,0x00000000ee400000)
  from space 63488K, 30% used [0x00000000ee400000,0x00000000ef6ad308,0x00000000f2200000)
  to   space 61952K, 0% used [0x00000000f4280000,0x00000000f4280000,0x00000000f7f00000)
 ParOldGen       total 196608K, used 107207K [0x00000000a0000000, 0x00000000ac000000, 0x00000000e0000000)
  object space 196608K, 54% used [0x00000000a0000000,0x00000000a68b1f48,0x00000000ac000000)
 Metaspace       used 164074K, capacity 171901K, committed 174272K, reserved 1200128K
  class space    used 20670K, capacity 22345K, committed 22784K, reserved 1048576K
}
Event: 6479.146 GC heap before
{Heap before GC invocations=48 (full 6):
 PSYoungGen      total 296960K, used 252596K [0x00000000e0000000, 0x00000000f7f00000, 0x0000000100000000)
  eden space 233472K, 100% used [0x00000000e0000000,0x00000000ee400000,0x00000000ee400000)
  from space 63488K, 30% used [0x00000000ee400000,0x00000000ef6ad308,0x00000000f2200000)
  to   space 61952K, 0% used [0x00000000f4280000,0x00000000f4280000,0x00000000f7f00000)
 ParOldGen       total 196608K, used 107207K [0x00000000a0000000, 0x00000000ac000000, 0x00000000e0000000)
  object space 196608K, 54% used [0x00000000a0000000,0x00000000a68b1f48,0x00000000ac000000)
 Metaspace       used 170824K, capacity 179517K, committed 180800K, reserved 1206272K
  class space    used 21617K, capacity 23463K, committed 23680K, reserved 1048576K
Event: 6480.075 GC heap after
Heap after GC invocations=48 (full 6):
 PSYoungGen      total 329728K, used 38966K [0x00000000e0000000, 0x00000000f8580000, 0x0000000100000000)
  eden space 267776K, 0% used [0x00000000e0000000,0x00000000e0000000,0x00000000f0580000)
  from space 61952K, 62% used [0x00000000f4280000,0x00000000f688d928,0x00000000f7f00000)
  to   space 62464K, 0% used [0x00000000f0580000,0x00000000f0580000,0x00000000f4280000)
 ParOldGen       total 196608K, used 107215K [0x00000000a0000000, 0x00000000ac000000, 0x00000000e0000000)
  object space 196608K, 54% used [0x00000000a0000000,0x00000000a68b3f48,0x00000000ac000000)
 Metaspace       used 170824K, capacity 179517K, committed 180800K, reserved 1206272K
  class space    used 21617K, capacity 23463K, committed 23680K, reserved 1048576K
}

